9 3 25 49 28 7 33 41 27 4 39 6 29 44 32 42 10 43 34 21 22 8 30 23 13 14 26 1 17 19 47 45 31 48 18 37 24 15 46 36 35 38 40 16 12 2 20 11 0 5
1 27 33 19 24 29 34 10 3 11 37 48 39 9 43 7 2 32 17 4 22 49 15 18 8 26 40 25 41 47 23 16 28 6 20 14 36 5 31 46 30 13 21 42 12 38 44 0 45 35
46 22 8 48 39 3 44 6 12 29 35 33 20 10 26 41 36 23 47 32 15 38 40 45 5 16 13 24 42 0 49 21 4 19 14 31 37 1 2 43 25 9 18 28 27 17 7 30 34 11
13 16 23 44 36 12 20 40 46 27 25 19 38 4 33 30 41 42 22 26 39 6 14 31 1 18 10 35 11 47 32 24 0 7 43 5 17 8 29 49 3 45 2 9 15 37 34 21 48 28
10 6 5 4 9 11 3 1 0 7 2 8
13 20 32 7 2 17 9 26 0 1 35 3 5 10 6 4 42 11 21 14 27 15 16 36 8 12 22 23 28 25 18 19 37 29 30 31 24 39 33 44 34 40 41 45 38 43 48 49 47 46
0 41 29 40 39 22 44 42 35 10 47 34 11 21 30 15 25 24 26 46 31 4 6 13 16 45 18 36 12 27 43 2 23 38 28 14 17 20 19 48 5 7 3 33 8 32 9 37 1 49
14 1 9 39 25 29 7 13 15 30 28 38 0 2 21 44 26 27 6 18 20 49 34 32 10 4 12 40 31 43 5 23 3 37 41 33 19 11 8 42 36 45 22 24 16 48 46 35 17 47
5 34 4 25 13 38 39 37 49 7 11 35 6 24 8 47 31 28 14 2 12 29 43 36 30 9 27 26 33 1 46 16 0 18 48 17 40 32 23 15 42 41 22 3 45 10 21 44 20 19
34 15 8 14 5 22 25 1 48 40 43 37 13 30 0 27 39 21 19 45 47 42 35 17 2 36 24 32 16 38 9 10 6 18 41 33 3 4 20 44 7 12 49 31 26 46 28 29 23 11
25 42 21 10 47 37 35 44 13 24 49 8 16 39 3 41 45 23 48 33 9 46 14 6 7 4 2 22 27 15 30 17 28 19 5 31 36 26 32 40 34 43 0 12 29 38 20 18 11 1
5 37 47 31 7 45 14 15 33 26 19 8 16 3 36 38 40 39 21 2 20 0 43 49 28 9 34 11 25 12 32 18 42 17 41 29 10 1 27 6 22 24 35 13 46 4 48 30 44 23
45 28 26 27 47 49 37 38 25 22 7 40 42 3 14 1 19 32 8 31 17 10 5 35 12 9 15 18 44 4 0 23 13 41 6 2 43 46 24 29 48 20 34 16 11 30 21 33 36 39
3 1 11 5 9 10 8 4 2 7 6 13 0 12
9 4 5 0 13 19 10 12 16 17 1 3 6 8 15 7 11 14 18 2
1 14 15 13 4 6 11 3 10 9 8 2 0 5 7 12
29 17 26 31 7 11 3 4 15 13 36 24 6 34 18 19 35 5 38 39 1 2 33 30 9 8 25 16 27 28 20 22 23 21 37 32 10 12 14 0
27 15 48 7 43 20 5 47 24 2 23 8 37 30 29 45 12 34 13 11 3 19 46 22 31 39 36 44 21 26 49 6 35 42 18 10 41 1 28 16 14 33 4 0 9 17 25 32 40 38
12 30 47 35 15 18 9 17 49 6 21 20 10 29 39 43 8 2 11 41 4 42 32 5 25 16 23 0 7 24 31 28 45 14 27 38 13 40 34 36 3 48 44 22 19 46 26 1 33 37
0 1 2 3 4 5 6 7 8 9 10 11 12 13 14 15 16 17 18 19 20 21 22 23 24 25 26 27 28 29 30 31 32 33 34 35 36 37 38 39 40 41 42 43 44 45 46 47
0 1 2 3 4 5 6 7 8 9 10 11 12 13 14 15 16 17 18 19 20 21 22 23 24 25 26 27 28 29 30 31 32 33 34 35 36 37 38 39 40 41 42 43 44 45 46 47 48 49
31 30 0 32 39 7 38 37 33 34 35 40 41 42 44 43 45 46 47 48 49 29 5 1 3 2 4 6 36 8 9 14 10 12 11 13 15 16 17 18 19 20 21 22 23 24 25 26 27 28
14 15 11 27 41 40 23 17 2 24 29 22 20 34 0 31 19 9 43 21 7 16 49 3 12 30 42 46 13 36 45 1 39 35 6 44 5 26 37 47 4 25 33 8 28 38 48 10 18 32
4 33 1 13 42 19 31 6 5 25 16 34 14 32 21 2 20 44 12 43 3 10 11 7 28 22 29 27 39 37 40 17 9 30 35 26 0 15 23 18 8 41 24 36 38 46 45 47
5 14 44 4 20 29 38 10 41 47 35 36 42 23 43 28 32 39 40 24 7 48 13 27 6 33 8 17 2 30 45 25 34 9 16 18 0 26 22 46 3 31 11 37 21 49 15 1 12 19
26 6 2 1 7 49 29 36 16 38 42 43 48 17 20 39 5 12 4 30 46 34 37 25 28 47 35 13 32 18 41 0 21 14 45 19 15 3 24 33 27 22 23 40 44 8 9 11 31 10
46 40 29 14 4 16 33 20 12 22 19 36 10 38 11 6 31 28 25 8 21 3 13 45 15 35 39 0 1 47 2 7 24 9 49 37 5 27 17 34 18 32 26 48 42 43 41 23 30 44
12 25 9 39 44 33 30 47 26 14 3 31 7 42 40 11 49 20 32 6 29 16 18 5 0 15 22 46 21 10 24 37 27 36 17 2 8 19 43 1 45 34 4 35 23 13 41 38 48 28
16 27 41 15 5 33 4 19 20 46 12 40 7 45 10 22 49 32 6 2 0 28 48 42 31 9 38 18 26 39 47 43 24 35 29 13 34 44 3 17 21 25 14 30 1 23 37 36 11 8
4 2 5 3 0 1
10 8 33 21 11 36 27 17 29 45 12 44 34 48 24 7 20 25 13 2 32 40 37 26 14 46 23 3 15 43 30 4 18 0 5 38 22 9 6 41 31 16 19 47 49 39 28 1 35 42
8 0 4 2 1 9 11 10 5 7 3 6
22 8 9 10 11 3 4 5 6 7 13 12 14 15 16 17 21 20 23 19 18 2 1 0
38 45 12 36 34 49 4 11 16 1 28 27 6 35 14 13 8 21 9 26 7 42 2 37 23 41 46 17 25 39 33 15 30 32 0 44 40 18 29 10 43 20 3 47 31 48 24 19 5 22
35 47 1 21 10 33 31 26 22 3 19 9 27 34 38 6 49 28 36 13 44 32 46 4 25 37 14 42 39 18 8 12 40 29 7 30 20 0 2 41 11 15 45 16 48 24 23 17 5 43
15 23 40 31 35 46 36 44 28 21 8 25 39 6 37 34 4 17 12 24 27 47 10 48 2 14 16 43 9 0 32 30 26 20 13 3 38 11 33 41 18 45 1 22 49 7 19 5 42 29
13 41 6 17 49 34 22 8 42 44 48 46 47 31 20 25 3 21 0 18 40 28 15 38 2 5 14 24 33 7 27 4 36 11 9 26 1 30 19 16 29 23 32 35 39 45 10 12 43 37
0 1 2 3 4 5 6 7 8 9 10 11 12 13 14 15 16 17 18 19 20 21 22 23 24 25 26 27 28 29 30 31 32 33 34 35 36 37 38 39 40 41 42 43 44 45 46 47
27 42 46 15 1 9 18 31 7 36 13 32 49 2 48 33 47 22 14 6 26 19 44 35 4 24 39 34 25 29 28 41 38 43 3 45 11 17 0 5 30 21 20 16 10 37 23 8 40 12
44 35 46 5 19 41 12 45 9 24 15 43 14 0 47 34 30 3 13 36 32 10 6 26 25 11 20 28 1 38 8 42 29 2 31 48 33 18 7 40 23 39 16 4 49 22 21 17 27 37
5 2 4 0 3 6 1 7
8 7 25 31 30 4 45 15 9 21 44 2 35 12 47 5 34 40 13 29 32 39 36 23 24 42 26 33 20 22 19 28 48 0 1 14 37 18 16 46 11 17 3 43 6 41 10 27 38 49
3 9 6 7 1 0 10 8 11 4 13 2 12 5
24 8 18 30 20 10 38 45 1 7 17 15 6 11 26 13 25 44 23 27 29 14 28 37 31 9 39 49 22 2 0 46 21 36 42 41 47 43 40 33 12 35 19 16 5 32 4 34 3 48
7 6 4 5 2 3 1 0
14 13 12 15 16 17 21 22 23 20 19 18 11 10 9 6 7 8 0 1 2 5 4 3 38 37 36 32 31 30 26 25 24 27 28 29 33 34 35 39 40 41 45 46 47 44 43 42
1 44 37 34 20 23 9 25 39 14 42 22 29 4 11 17 6 2 32 19 26 3 35 27 8 28 12 46 21 49 18 31 40 5 13 7 30 41 16 24 15 43 33 0 36 47 10 45 48 38
14 25 5 7 12 18 0 13 11 1 4 21 23 22 2 3 16 8 15 10 9 19 17 20 6 24
14 12 10 8 6 4 1 3 0 2 5 7 9 11 13 15
0 1 2 3 4 5 6 7 8 9 10 11 12 13 14 15 16 17 18 19 20 21 22 23 24 25 26 27 28 29 30 31 32 33 34 35 36 37 38 39 40 41 42 43 44 45 46 47
0 12 13 29 26 8 43 39 44 15 30 7 22 20 42 18 14 25 2 32 41 37 27 36 45 34 28 5 21 33 1 6 24 10 38 9 46 47 40 35 19 31 23 3 4 16 11 17
