11 14 9 3 10 17 7 6 0 5 4 12 1 8 2 15 13 16
40 27 18 5 38 48 21 23 11 41 49 9 35 29 7 0 44 10 46 16 28 6 14 45 26 4 8 31 19 12 22 15 34 37 39 24 20 42 25 17 43 36 30 13 1 47 2 32 33 3
1 7 6 20 19 42 35 49 48 47 45 46 36 40 33 34 22 28 26 37 13 41 43 17 31 23 25 38 39 0 2 5 4 8 12 11 44 24 14 29 18 21 3 9 15 10 32 16 30 27
31 30 18 19 27 28 29 17 16 15 33 32 14 13 12 34 35 36 10 11 37 38 39 9 8 7 41 40 6 5 4 42 43 44 2 3 45 46 47 0 1 23 24 25 26 20 21 22
11 24 21 47 29 10 39 18 23 43 32 42 12 31 40 22 41 28 46 19 26 4 3 37 6 9 48 0 30 14 5 13 20 25 45 44 8 7 38 36 33 16 17 35 27 2 34 15 1 49
46 42 44 0 1 11 4 5 2 3 8 17 6 7 36 10 12 14 22 9 15 26 13 16 21 23 18 28 25 24 30 29 19 20 27 38 48 37 33 35 31 41 39 34 32 43 40 49 45 47
2 3 1 5 0 4
22 6 39 9 41 11 43 28 49 27 37 17 14 31 32 15 34 13 10 12 44 21 24 25 33 7 38 46 47 1 20 2 29 19 35 16 36 8 4 30 48 45 5 42 0 3 23 18 40 26
5 0 1 2 6 3 4 7
48 47 46 2 3 4 5 6 7 8 9 10 11 12 13 14 15 16 17 18 19 20 21 22 23 24 25 26 27 28 29 30 31 32 33 34 35 36 37 38 39 40 41 42 43 44 45 0 1 49
14 10 19 34 15 18 2 27 33 6 29 24 13 30 31 1 5 8 35 28 26 20 7 12 16 32 3 25 17 0 11 9 21 4 22 23
25 39 29 34 5 17 42 38 46 22 9 16 15 12 37 6 44 19 13 3 24 23 40 47 36 2 28 35 30 26 27 20 21 41 8 32 0 43 33 45 4 11 10 1 18 7 31 14
4 29 16 28 47 46 34 9 38 49 42 45 13 19 26 30 21 31 5 32 22 23 14 37 18 2 25 24 35 33 48 39 6 0 7 36 11 44 15 20 17 40 3 1 43 27 12 8 10 41
6 7 8 9 10 11 5 4 3 17 16 15 0 1 2 14 13 12
39 8 3 25 10 16 0 2 29 4 17 6 1 5 11 20 7 31 12 13 14 15 23 26 9 22 33 30 46 42 43 19 28 18 36 48 21 45 44 27 35 38 37 40 41 49 34 47 32 24
20 33 44 5 0 3 42 8 1 36 19 7 28 23 43 4 32 35 6 40 18 9 21 48 11 31 37 12 24 45 26 29 13 22 15 46 16 14 2 27 47 38 34 25 39 10 17 49 30 41
15 8 40 26 16 36 22 45 48 1 46 37 10 20 0 27 44 23 5 39 33 17 25 19 34 14 29 4 35 28 11 32 9 31 12 49 6 18 38 2 7 24 41 21 3 47 30 42 13 43
29 22 44 0 32 3 27 19 17 38 37 1 30 33 42 40 15 31 7 24 12 5 45 36 13 25 21 26 14 2 11 10 20 4 8 16 6 18 9 43 23 35 41 34 28 39
6 32 17 11 27 35 13 43 45 29 12 21 3 34 41 20 18 38 2 40 30 1 22 26 4 33 31 8 39 10 9 7 16 37 23 28 44 5 19 25 0 15 36 42 24 14
7 18 23 32 5 22 44 28 21 49 47 38 41 45 48 10 29 0 34 14 3 4 35 36 1 25 6 30 40 46 42 39 20 12 15 27 24 17 13 43 19 2 8 11 16 37 9 26 33 31
10 27 24 14 3 2 32 40 8 28 34 16 20 22 7 31 25 13 6 0 12 39 21 49 37 35 46 36 18 5 29 33 48 47 44 9 17 19 15 26 30 45 11 1 4 23 38 42 41 43
11 20 21 17 19 13 12 16 3 0 6 23 25 8 18 10 7 2 15 9 4 24 1 14 5 22
2 13 10 26 19 27 28 17 4 1 22 9 20 14 12 18 6 25 15 0 8 11 16 21 23 29 3 5 7 24
39 40 41 30 31 32 21 22 23 12 13 14 3 4 5 2 1 0 11 10 9 20 19 18 29 28 27 38 37 36 8 7 6 17 16 15 26 25 24 35 34 33 43 42
26 46 18 15 45 16 38 30 2 25 21 48 47 36 19 5 8 1 31 11 34 0 33 28 7 35 27 40 22 6 32 37 29 10 49 13 41 9 24 23 43 14 3 17 4 39 42 12 44 20
21 8 39 29 0 7 44 15 33 47 13 9 14 5 10 35 6 17 20 24 48 49 27 45 42 30 3 18 23 36 16 25 37 19 26 46 11 22 38 4 41 40 28 43 2 32 12 31 34 1
36 45 35 1 23 27 32 29 40 43 7 16 38 39 47 31 33 17 9 24 14 0 34 20 12 18 8 25 30 37 5 3 46 42 15 49 44 26 13 19 41 22 10 4 11 48 28 6 2 21
21 16 12 46 20 35 43 14 27 49 0 4 5 45 24 39 34 30 38 28 25 3 1 9 11 41 44 19 31 36 15 8 40 7 33 23 29 10 26 2 42 18 48 47 17 6 32 37 13 22
47 46 24 25 32 31 30 42 43 44 45 29 0 1 2 22 4 5 6 7 8 9 10 11 12 13 14 15 16 17 18 19 20 23 3 21 28 27 26 41 40 39 38 37 36 35 34 33 48 49
27 32 34 16 44 30 5 47 41 23 9 20 14 1 7 28 25 3 15 46 17 21 48 18 33 12 37 19 31 22 36 40 11 8 45 35 29 26 2 42 49 4 43 0 24 39 13 10 38 6
44 47 25 24 30 45 13 35 31 19 34 26 8 15 0 6 22 16 12 17 28 14 32 39 9 40 10 7 37 1 4 36 41 33 23 20 27 18 46 11 21 5 38 3 43 29 2 42
39 38 37 33 34 35 23 22 21 17 18 19 5 6 7 0 1 2 3 4 8 15 14 13 9 10 11 12 16 20 24 31 30 29 25 26 27 28 32 36 40 44 43 42 41 45 46 47
6 10 15 30 25 14 24 16 3 18 21 13 0 27 28 31 22 19 11 29 2 23 9 26 5 20 12 8 17 1 4 7
0 1 16 25 11 2 17 26 49 27 10 3 18 28 48 29 9 4 15 30 47 31 8 5 19 32 46 33 20 6 14 34 43 36 21 7 13 35 42 38 23 12 22 37 41 39 24 40 44 45
14 12 10 9 7 5 1 3 0 2 4 6 8 11 13 15
11 15 18 20 16 17 2 9 13 8 14 5 25 22 1 12 3 23 7 19 4 10 6 24 0 21
