39 2 38 13 11 42 16 23 44 20 6 12 48 22 28 17 9 26 29 1 35 0 31 34 32 30 8 46 37 15 19 25 5 45 21 7 10 4 27 41 49 24 43 33 47 3 14 18 40 36
34 33 32 36 35 39 38 37 42 41 40 44 43 47 46 45 13 18 29 21 10 9 8 12 11 15 14 6 7 3 2 1 0 4 5 26 25 24 28 27 31 30 22 23 19 20 16 17
42 17 39 28 43 46 27 19 11 37 47 8 25 49 45 32 21 4 23 36 29 22 30 13 7 15 48 24 3 9 1 10 40 34 14 2 16 38 18 35 33 6 41 26 31 12 20 5 0 44
24 26 22 28 20 30 18 32 16 34 14 36 12 38 10 40 8 42 6 44 4 46 2 49 0 48 1 47 3 45 5 43 7 41 9 39 11 37 13 35 15 33 17 31 19 29 21 27 23 25
16 2 21 28 49 36 23 3 1 26 27 47 0 7 20 38 44 30 10 18 4 41 34 37 22 14 13 43 40 33 6 15 5 25 32 31 12 8 11 48 46 35 19 24 17 29 42 45 9 39
41 3 40 37 21 23 2 19 34 22 18 5 28 48 4 7 45 43 16 32 11 10 0 27 46 15 1 14 9 42 12 8 33 30 13 29 26 38 47 36 25 17 39 6 49 35 24 44 20 31
9 3 8 13 15 19 5 0 1 18 12 2 14 7 17 16 6 10 11 4
49 24 47 22 45 20 43 18 41 16 39 14 37 12 35 10 33 8 31 6 29 4 27 2 25 0 1 26 3 28 5 30 7 32 9 34 11 36 13 38 15 40 17 42 19 44 21 46 23 48
1 39 49 8 13 14 45 3 20 17 34 5 40 2 22 47 0 32 18 28 9 27 6 21 35 38 12 19 16 41 4 46 42 31 11 23 37 30 33 7 26 24 43 36 15 44 25 48 29 10
24 48 47 46 20 19 18 42 41 40 14 13 12 36 35 34 8 7 6 30 29 28 2 0 1 25 26 27 3 4 5 31 32 33 9 10 11 37 38 39 15 16 17 43 44 45 21 22 23 49
17 24 27 28 1 12 6 34 49 3 41 32 15 36 4 18 8 22 23 33 38 2 19 20 37 10 45 47 25 35 0 7 48 11 13 30 9 16 42 14 39 46 21 5 43 44 31 26 40 29
4 13 8 1 10 11 5 0 7 6 3 2 9 12
0 4 1 5 2 6 3 7
22 21 20 19 18 17 16 15 14 13 12 11 10 9 8 7 6 5 4 3 2 1 0 23 24 25 26 27 28 29 30 31 32 33 34 35 36 37 38 39 40 41 42 43 44 45 46 47
0 1 2 3 4 5 6 7 8 9 10 11 12 13 14 15 16 17 18 19 20 21 22 23
1 49 48 39 0 33 36 21 6 10 34 41 29 40 11 2 42 38 47 8 24 28 43 16 20 37 18 31 27 4 23 7 25 46 17 13 14 9 44 45 32 5 26 12 15 22 3 35 30 19
28 17 49 21 42 0 14 30 43 26 33 9 45 8 46 2 22 19 25 31 47 40 37 32 36 1 34 10 23 38 18 44 5 3 29 16 12 15 39 6 4 24 20 11 27 7 48 35 41 13
13 15 11 9 7 4 1 3 0 2 5 6 8 10 12 14
22 30 37 23 0 39 38 2 18 16 32 9 27 17 15 3 14 4 12 20 8 19 21 35 36 26 24 5 10 28 1 31 29 33 11 7 6 25 13 34
27 46 0 40 49 28 35 43 45 2 34 17 37 7 19 16 4 33 9 30 13 24 44 10 1 3 42 11 21 36 23 48 5 6 14 38 15 25 39 22 31 26 29 47 41 20 18 32 8 12
6 15 9 3 12 40 21 5 1 26 25 18 44 37 31 33 20 11 8 48 47 0 13 49 7 4 2 30 17 45 35 36 42 23 22 14 39 24 38 32 41 34 29 27 28 10 43 46 16 19
10 12 34 18 4 2 26 6 11 41 27 45 33 49 31 39 13 8 21 17 16 43 29 48 0 42 32 3 30 38 35 47 37 7 28 15 36 22 44 24 20 40 1 9 19 25 5 14 23 46
12 11 10 26 25 37 36 5 4 3 47 46 45 44 43 42 33 48 38 39 15 9 8 7 22 21 16 17 13 0 1 2 31 30 29 28 27 19 23 24 32 6 49 35 34 41 20 14 40 18
32 33 24 6 19 28 25 7 13 21 9 20 22 11 18 26 8 0 14 23 30 1 12 17 27 16 31 4 15 10 2 29 3 5
34 15 23 10 1 31 46 32 40 5 0 7 24 6 39 25 19 22 13 44 18 27 3 29 28 20 4 21 14 48 17 9 26 42 16 49 47 33 38 37 43 45 8 41 2 35 36 12 30 11
35 25 27 47 2 13 19 37 42 24 49 22 5 21 0 28 39 4 11 45 15 38 29 10 32 17 14 26 1 8 33 18 12 34 20 48 31 41 7 36 44 43 6 40 30 16 46 3 23 9
