12 10 18 15 4 40 16 41 39 21 2 0 22 7 29 31 48 42 44 3 35 33 36 24 34 11 23 25 28 49 47 1 6 20 26 13 43 5 32 8 14 45 9 17 38 46 30 19 37 27
47 32 13 7 0 36 11 19 2 38 41 30 42 16 15 4 28 45 40 22 1 35 31 17 8 12 18 43 21 44 10 29 24 6 14 23 46 3 20 27 34 25 48 26 5 9 39 33 49 37
0 7 6 5 1 2 3 4 36 35 34 33 37 38 39 19 18 17 21 22 23 31 30 29 25 26 27 15 14 13 9 10 11 12 16 44 32 28 20 24 8 40 47 46 45 41 42 43
48 46 22 45 42 20 41 38 18 37 34 16 33 24 23 31 14 29 10 9 27 5 3 4 25 1 0 2 26 7 6 8 28 12 11 13 30 15 32 35 17 36 39 19 40 43 21 44 47 49
24 7 23 30 22 5 21 48 26 9 13 37 47 3 1 35 42 11 15 10 29 8 0 44 39 20 31 19 33 18 27 45 2 40 43 32 12 4 49 6 25 46 14 41 16 36 17 28 38 34
7 49 5 31 42 35 26 8 34 40 17 36 39 44 32 16 41 15 11 13 18 4 10 25 37 43 30 20 47 46 33 27 12 14 3 1 45 24 21 48 28 9 0 29 2 22 6 38 19 23
5 48 47 42 49 37 31 24 29 23 16 43 36 10 25 30 40 4 1 15 11 44 14 17 41 2 7 9 20 35 13 27 45 38 33 28 3 39 8 34 18 12 6 22 21 46 32 26 0 19
43 5 41 49 24 8 3 15 11 34 42 14 21 25 1 45 28 2 7 27 23 44 18 39 12 38 16 35 46 10 26 47 17 31 29 19 6 4 37 20 36 0 30 48 22 33 32 40 13 9
10 8 13 11 16 1 0 7 15 19 14 3 2 4 12 17 18 9 6 5
46 45 44 21 43 42 41 20 19 18 40 39 38 17 16 15 37 36 35 14 13 12 34 33 32 11 10 9 31 30 29 8 7 6 28 27 26 5 4 3 47 48 49 0 1 2 25 24 23 22
27 26 25 24 23 22 37 44 39 4 5 21 38 13 40 46 45 7 8 9 48 49 43 16 15 33 32 31 2 1 47 36 35 14 29 30 3 34 20 19 18 28 41 0 6 17 42 12 11 10
20 18 49 19 48 21 41 42 24 8 6 27 5 29 31 10 30 13 36 17 28 0 26 3 25 14 34 7 33 11 32 2 4 1 37 9 35 38 22 43 12 44 15 40 39 16 46 45 23 47
12 17 40 48 46 38 41 35 4 24 30 19 37 32 6 22 20 29 9 49 3 1 26 34 11 8 0 33 25 36 47 23 13 2 7 42 27 31 15 44 10 5 45 16 39 43 21 14 18 28
48 46 49 8 18 38 36 43 19 14 13 37 32 35 11 12 7 31 28 27 3 2 17 41 25 29 5 10 9 33 42 26 0 1 22 34 30 39 15 20 16 44 6 4 23 47 40 45 21 24
32 33 5 38 39 49 2 21 36 4 37 40 34 24 0 6 35 28 44 46 1 3 23 42 13 41 9 14 47 17 19 26 8 22 7 11 18 10 25 31 15 16 29 43 20 30 45 27 48 12
23 29 4 32 39 7 30 14 34 25 24 49 22 31 6 16 47 40 11 37 41 1 38 20 21 17 5 27 13 42 26 15 48 35 43 3 0 33 10 19 36 45 2 18 44 8 46 9 12 28
48 49 24 44 42 45 20 31 19 18 17 37 12 30 11 10 9 29 4 3 2 25 0 13 1 26 38 27 5 6 7 28 8 33 14 15 16 41 21 32 34 35 22 36 39 40 23 43 46 47
24 26 27 21 22 23 25 28 20 3 1 0 8 4 5 6 2 9 7 29 12 19 17 10 14 18 15 11 13 16 43 42 40 49 44 48 46 41 45 47 34 38 36 39 33 30 32 35 37 31
49 24 21 19 42 10 27 44 17 6 45 20 22 40 48 25 29 32 39 11 3 0 31 47 2 15 4 1 30 36 13 43 5 8 12 35 23 37 33 18 41 7 14 16 9 34 28 46 38 26
2 17 27 40 25 47 7 44 6 22 23 0 49 28 14 29 35 5 31 18 21 8 32 11 41 10 26 36 46 9 20 43 3 33 13 15 34 16 19 24 4 1 38 12 45 48 39 42 30 37
14 5 12 0 10 13 7 9 4 11 1 3 2 15 6 8
38 6 42 2 13 44 46 12 0 33 30 4 10 31 41 35 15 48 7 34 45 1 16 9 37 29 39 40 27 18 5 21 8 36 20 24 26 22 32 14 47 25 49 43 3 23 17 28 11 19
48 19 32 41 11 0 49 30 24 21 3 40 12 28 31 44 27 43 23 36 25 7 39 35 47 2 6 4 22 1 33 38 26 13 45 15 5 8 17 42 20 10 37 29 9 46 34 16 14 18
14 15 40 36 35 11 46 6 25 10 21 48 19 27 3 28 4 39 43 13 0 30 31 24 23 34 20 2 49 12 29 8 5 9 18 7 16 33 32 1 17 22 47 37 44 41 45 38 26 42
5 6 25 35 31 12 14 2 26 20 21 18 9 4 28 34 1 8 3 23 22 33 15 7 10 27 30 32 0 16 17 38 29 39 13 11 19 24 37 36
27 22 41 48 6 0 11 4 26 25 35 24 5 16 17 32 18 19 12 15 13 28 42 31 20 46 44 3 29 49 45 40 7 37 34 36 33 9 21 1 10 43 2 38 8 30 39 23 14 47
33 48 32 12 37 3 5 46 39 16 9 45 42 23 10 7 29 2 8 25 35 26 19 14 20 27 6 47 21 44 1 40 34 4 28 43 0 24 31 11 30 22 38 36 41 15 13 49 17 18
43 33 36 13 14 35 11 38 12 37 41 8 9 10 39 31 19 18 17 32 20 21 22 23 24 25 26 27 28 29 30 45 49 0 1 40 34 15 16 42 7 6 44 5 4 46 3 47 2 48
2 47 35 49 48 27 17 22 4 44 19 31 8 20 15 12 45 39 32 23 16 24 40 0 28 29 18 1 10 46 37 25 14 42 7 21 38 6 34 43 36 30 3 13 33 5 11 41 26 9
13 29 23 42 24 34 31 47 7 40 14 21 37 6 38 35 18 20 26 4 8 2 28 32 19 30 15 46 44 11 45 12 39 36 25 5 41 0 27 17 43 33 48 22 16 3 49 9 10 1
10 9 4 7 3 2 11 0 6 8 1 5
